<?xml version="1.0" encoding="UTF-8"?>
<!-- Generated by org.testng.reporters.JUnitReportReporter -->
<testsuite hostname="DESKTOP-AF7TDR9" failures="0" tests="1" name="com.crm.test.ContactPageTest" time="27.638" errors="0" timestamp="2020-12-17T00:55:42 IST" skipped="0">
  <testcase classname="com.crm.test.ContactPageTest" name="verifyAddContacts" time="27.638"/>
  <system-out/>
</testsuite> <!-- com.crm.test.ContactPageTest -->
