<?xml version="1.0" encoding="UTF-8"?>
<!-- Generated by org.testng.reporters.JUnitReportReporter -->
<testsuite hostname="DESKTOP-AF7TDR9" failures="0" tests="1" name="com.crm.test.LoginPageTest" time="34.599" errors="0" timestamp="2020-12-22T22:00:41 IST" skipped="0">
  <testcase classname="com.crm.test.LoginPageTest" name="validateFreeCRMLoginTest" time="34.599"/>
  <system-out/>
</testsuite> <!-- com.crm.test.LoginPageTest -->
