<?xml version="1.0" encoding="UTF-8"?>
<!-- Generated by org.testng.reporters.JUnitReportReporter -->
<testsuite hostname="DESKTOP-AF7TDR9" failures="0" tests="4" name="com.crm.test.HomePageTest" time="84.415" errors="0" timestamp="2020-12-20T00:27:51 IST" skipped="0">
  <testcase classname="com.crm.test.HomePageTest" name="validateHomePageTitleTest" time="17.370"/>
  <system-out/>
  <testcase classname="com.crm.test.HomePageTest" name="validateHomePageUserNameTest" time="22.816"/>
  <system-out/>
  <testcase classname="com.crm.test.HomePageTest" name="verifyContactsLinkTest" time="18.854"/>
  <system-out/>
  <testcase classname="com.crm.test.HomePageTest" name="verifyDealsLinkTest" time="25.375"/>
  <system-out/>
</testsuite> <!-- com.crm.test.HomePageTest -->
